<?xml version="1.0" encoding="UTF-8"?>
<!-- Generated by org.testng.reporters.JUnitReportReporter -->
<testsuite skipped="0" hostname="del1-lhp-n78157" name="com.demo.session.apiframework.PatientTest" tests="1" failures="0" timestamp="2023-03-12T20:10:47 IST" time="5.429" errors="1">
  <testcase name="getPatient" time="5.429" classname="com.demo.session.apiframework.PatientTest">
    <error type="java.lang.RuntimeException" message="com.fasterxml.jackson.databind.exc.UnrecognizedPropertyException: Unrecognized field &quot;sex&quot; (class com.demo.session.apiframework.module.employee.Employee), not marked as ignorable (19 known properties: &quot;lastName&quot;, &quot;available&quot;, &quot;nickName&quot;, &quot;status&quot;, &quot;address&quot;, &quot;overrideExpiredPromo&quot;, &quot;designation&quot;, &quot;_version&quot;, &quot;_id&quot;, &quot;firstName&quot;, &quot;_updated&quot;, &quot;age&quot;, &quot;_created&quot;, &quot;employeeNumber&quot;, &quot;id&quot;, &quot;managerialAdjustments&quot;, &quot;dob&quot;, &quot;inHouse&quot;, &quot;userName&quot;])
 at [Source: (String)&quot;{&quot;designation&quot;:&quot;Consultant&quot;,&quot;firstName&quot;:&quot;Gatikrishna&quot;,&quot;lastName&quot;:&quot;Jena&quot;,&quot;nickName&quot;:&quot;testw&quot;,&quot;employeeNumber&quot;:&quot;909089&quot;,&quot;dob&quot;:&quot;10/08/1987&quot;,&quot;sex&quot;:{&quot;name&quot;:&quot;M&quot;,&quot;key&quot;:11,&quot;order&quot;:1,&quot;notes&quot;:&quot;notes&quot;},&quot;id&quot;:&quot;gatikrishna&quot;,&quot;available&quot;:true,&quot;age&quot;:&quot;35&quot;,&quot;address&quot;:{&quot;addressLine1&quot;:&quot;700 11th St&quot;,&quot;city&quot;:&quot;Falls Church&quot;,&quot;state&quot;:&quot;VA&quot;,&quot;zip&quot;:&quot;22046&quot;},&quot;inHouse&quot;:false,&quot;providerDetails&quot;:{&quot;isProvider&quot;:true,&quot;isExternalProvider&quot;:false,&quot;drFirstCredentialDetails&quot;:{&quot;drFirstCredential&quot;:true,&quot;username&quot;:&quot;pclarksoneyecare&quot;,&quot;password&quot;&quot;[truncated 1980 chars]; line: 1, column: 144] (through reference chain: com.demo.session.apiframework.module.employee.Employee[&quot;sex&quot;])">
      <![CDATA[java.lang.RuntimeException: com.fasterxml.jackson.databind.exc.UnrecognizedPropertyException: Unrecognized field "sex" (class com.demo.session.apiframework.module.employee.Employee), not marked as ignorable (19 known properties: "lastName", "available", "nickName", "status", "address", "overrideExpiredPromo", "designation", "_version", "_id", "firstName", "_updated", "age", "_created", "employeeNumber", "id", "managerialAdjustments", "dob", "inHouse", "userName"])
 at [Source: (String)"{"designation":"Consultant","firstName":"Gatikrishna","lastName":"Jena","nickName":"testw","employeeNumber":"909089","dob":"10/08/1987","sex":{"name":"M","key":11,"order":1,"notes":"notes"},"id":"gatikrishna","available":true,"age":"35","address":{"addressLine1":"700 11th St","city":"Falls Church","state":"VA","zip":"22046"},"inHouse":false,"providerDetails":{"isProvider":true,"isExternalProvider":false,"drFirstCredentialDetails":{"drFirstCredential":true,"username":"pclarksoneyecare","password""[truncated 1980 chars]; line: 1, column: 144] (through reference chain: com.demo.session.apiframework.module.employee.Employee["sex"])
at io.restassured.internal.path.json.mapping.JsonPathJackson2ObjectDeserializer.deserialize(JsonPathJackson2ObjectDeserializer.java:30)
at io.restassured.path.json.mapping.JsonPathObjectDeserializer$deserialize.call(Unknown Source)
at org.codehaus.groovy.runtime.callsite.CallSiteArray.defaultCall(CallSiteArray.java:45)
at org.codehaus.groovy.runtime.callsite.AbstractCallSite.call(AbstractCallSite.java:125)
at org.codehaus.groovy.runtime.callsite.AbstractCallSite.call(AbstractCallSite.java:139)
at io.restassured.internal.mapping.Jackson2Mapper.deserialize(Jackson2Mapper.groovy:58)
at io.restassured.mapper.ObjectMapper$deserialize.call(Unknown Source)
at org.codehaus.groovy.runtime.callsite.CallSiteArray.defaultCall(CallSiteArray.java:45)
at org.codehaus.groovy.runtime.callsite.AbstractCallSite.call(AbstractCallSite.java:125)
at org.codehaus.groovy.runtime.callsite.AbstractCallSite.call(AbstractCallSite.java:139)
at io.restassured.internal.mapping.ObjectMapping.parseWithJackson2(ObjectMapping.groovy:254)
at io.restassured.internal.mapping.ObjectMapping$parseWithJackson2$0.callStatic(Unknown Source)
at org.codehaus.groovy.runtime.callsite.CallSiteArray.defaultCallStatic(CallSiteArray.java:53)
at org.codehaus.groovy.runtime.callsite.AbstractCallSite.callStatic(AbstractCallSite.java:217)
at org.codehaus.groovy.runtime.callsite.AbstractCallSite.callStatic(AbstractCallSite.java:240)
at io.restassured.internal.mapping.ObjectMapping.deserialize(ObjectMapping.groovy:56)
at io.restassured.internal.mapping.ObjectMapping$deserialize.call(Unknown Source)
at org.codehaus.groovy.runtime.callsite.CallSiteArray.defaultCall(CallSiteArray.java:45)
at org.codehaus.groovy.runtime.callsite.AbstractCallSite.call(AbstractCallSite.java:125)
at io.restassured.internal.RestAssuredResponseOptionsGroovyImpl.as(RestAssuredResponseOptionsGroovyImpl.groovy:229)
at io.restassured.internal.RestAssuredResponseOptionsImpl.as(RestAssuredResponseOptionsImpl.java:169)
at com.demo.session.apiframework.PatientTest.getPatient(PatientTest.java:27)
at sun.reflect.NativeMethodAccessorImpl.invoke0(Native Method)
at sun.reflect.NativeMethodAccessorImpl.invoke(NativeMethodAccessorImpl.java:62)
at sun.reflect.DelegatingMethodAccessorImpl.invoke(DelegatingMethodAccessorImpl.java:43)
at java.lang.reflect.Method.invoke(Method.java:498)
at org.testng.internal.invokers.MethodInvocationHelper.invokeMethod(MethodInvocationHelper.java:135)
at org.testng.internal.invokers.TestInvoker.invokeMethod(TestInvoker.java:673)
at org.testng.internal.invokers.TestInvoker.invokeTestMethod(TestInvoker.java:220)
at org.testng.internal.invokers.MethodRunner.runInSequence(MethodRunner.java:50)
at org.testng.internal.invokers.TestInvoker$MethodInvocationAgent.invoke(TestInvoker.java:945)
at org.testng.internal.invokers.TestInvoker.invokeTestMethods(TestInvoker.java:193)
at org.testng.internal.invokers.TestMethodWorker.invokeTestMethods(TestMethodWorker.java:146)
at org.testng.internal.invokers.TestMethodWorker.run(TestMethodWorker.java:128)
at java.util.ArrayList.forEach(ArrayList.java:1259)
at org.testng.TestRunner.privateRun(TestRunner.java:808)
at org.testng.TestRunner.run(TestRunner.java:603)
at org.testng.SuiteRunner.runTest(SuiteRunner.java:429)
at org.testng.SuiteRunner.runSequentially(SuiteRunner.java:423)
at org.testng.SuiteRunner.privateRun(SuiteRunner.java:383)
at org.testng.SuiteRunner.run(SuiteRunner.java:326)
at org.testng.SuiteRunnerWorker.runSuite(SuiteRunnerWorker.java:52)
at org.testng.SuiteRunnerWorker.run(SuiteRunnerWorker.java:95)
at org.testng.TestNG.runSuitesSequentially(TestNG.java:1249)
at org.testng.TestNG.runSuitesLocally(TestNG.java:1169)
at org.testng.TestNG.runSuites(TestNG.java:1092)
at org.testng.TestNG.run(TestNG.java:1060)
at org.testng.remote.AbstractRemoteTestNG.run(AbstractRemoteTestNG.java:115)
at org.testng.remote.RemoteTestNG.initAndRun(RemoteTestNG.java:251)
at org.testng.remote.RemoteTestNG.main(RemoteTestNG.java:77)
Caused by: com.fasterxml.jackson.databind.exc.UnrecognizedPropertyException: Unrecognized field "sex" (class com.demo.session.apiframework.module.employee.Employee), not marked as ignorable (19 known properties: "lastName", "available", "nickName", "status", "address", "overrideExpiredPromo", "designation", "_version", "_id", "firstName", "_updated", "age", "_created", "employeeNumber", "id", "managerialAdjustments", "dob", "inHouse", "userName"])
 at [Source: (String)"{"designation":"Consultant","firstName":"Gatikrishna","lastName":"Jena","nickName":"testw","employeeNumber":"909089","dob":"10/08/1987","sex":{"name":"M","key":11,"order":1,"notes":"notes"},"id":"gatikrishna","available":true,"age":"35","address":{"addressLine1":"700 11th St","city":"Falls Church","state":"VA","zip":"22046"},"inHouse":false,"providerDetails":{"isProvider":true,"isExternalProvider":false,"drFirstCredentialDetails":{"drFirstCredential":true,"username":"pclarksoneyecare","password""[truncated 1980 chars]; line: 1, column: 144] (through reference chain: com.demo.session.apiframework.module.employee.Employee["sex"])
at com.fasterxml.jackson.databind.exc.UnrecognizedPropertyException.from(UnrecognizedPropertyException.java:61)
at com.fasterxml.jackson.databind.DeserializationContext.handleUnknownProperty(DeserializationContext.java:1132)
at com.fasterxml.jackson.databind.deser.std.StdDeserializer.handleUnknownProperty(StdDeserializer.java:2202)
at com.fasterxml.jackson.databind.deser.BeanDeserializerBase.handleUnknownProperty(BeanDeserializerBase.java:1705)
at com.fasterxml.jackson.databind.deser.BeanDeserializerBase.handleUnknownVanilla(BeanDeserializerBase.java:1683)
at com.fasterxml.jackson.databind.deser.BeanDeserializer.vanillaDeserialize(BeanDeserializer.java:320)
at com.fasterxml.jackson.databind.deser.BeanDeserializer.deserialize(BeanDeserializer.java:177)
at com.fasterxml.jackson.databind.deser.DefaultDeserializationContext.readRootValue(DefaultDeserializationContext.java:323)
at com.fasterxml.jackson.databind.ObjectMapper._readMapAndClose(ObjectMapper.java:4730)
at com.fasterxml.jackson.databind.ObjectMapper.readValue(ObjectMapper.java:3677)
at io.restassured.internal.path.json.mapping.JsonPathJackson2ObjectDeserializer.deserialize(JsonPathJackson2ObjectDeserializer.java:28)
... 49 more
]]>
    </error>
  </testcase> <!-- getPatient -->
  <system-out/>
</testsuite> <!-- com.demo.session.apiframework.PatientTest -->
