<?xml version="1.0" encoding="UTF-8"?>
<!-- Generated by org.testng.reporters.JUnitReportReporter -->
<testsuite skipped="0" hostname="del1-lhp-n78157" name="utility.Utility" tests="1" failures="0" timestamp="2023-03-12T17:53:11 IST" time="0.006" errors="0">
  <testcase name="readPropertiesFile" time="0.006" classname="utility.Utility"/>
  <system-out/>
</testsuite> <!-- utility.Utility -->
