<?xml version="1.0" encoding="UTF-8"?>
<!-- Generated by org.testng.reporters.JUnitReportReporter -->
<testsuite skipped="0" hostname="del1-lhp-n78157" name="com.demo.session.apiframework.AppTest" tests="1" failures="0" timestamp="2023-03-11T19:34:47 IST" time="4.856" errors="0">
  <testcase name="getPatient" time="4.856" classname="com.demo.session.apiframework.AppTest"/>
  <system-out/>
</testsuite> <!-- com.demo.session.apiframework.AppTest -->
